{"/home/cohorte5/Escritorio/pruebadesarrollokevin/-RiwiMediCarePlus-prueba/src/app.ts": {"path":"/home/cohorte5/Escritorio/pruebadesarrollokevin/-RiwiMediCarePlus-prueba/src/app.ts","statementMap":{"0":{"start":{"line":1,"column":0},"end":{"line":1,"column":30}},"1":{"start":{"line":2,"column":0},"end":{"line":2,"column":43}},"2":{"start":{"line":3,"column":23},"end":{"line":3,"column":27}},"3":{"start":{"line":4,"column":0},"end":{"line":13,"column":1}},"4":{"start":{"line":5,"column":1},"end":{"line":10,"column":2}},"5":{"start":{"line":9,"column":2},"end":{"line":9,"column":50}},"6":{"start":{"line":12,"column":1},"end":{"line":12,"column":59}},"7":{"start":{"line":14,"column":0},"end":{"line":14,"column":46}},"8":{"start":{"line":15,"column":0},"end":{"line":15,"column":56}},"9":{"start":{"line":16,"column":0},"end":{"line":16,"column":64}},"10":{"start":{"line":17,"column":0},"end":{"line":17,"column":46}},"11":{"start":{"line":19,"column":0},"end":{"line":19,"column":63}},"12":{"start":{"line":20,"column":0},"end":{"line":20,"column":58}},"13":{"start":{"line":21,"column":0},"end":{"line":21,"column":54}},"14":{"start":{"line":22,"column":0},"end":{"line":22,"column":72}},"15":{"start":{"line":23,"column":0},"end":{"line":23,"column":70}},"16":{"start":{"line":26,"column":0},"end":{"line":26,"column":62}},"17":{"start":{"line":29,"column":12},"end":{"line":29,"column":21}},"18":{"start":{"line":30,"column":0},"end":{"line":30,"column":24}},"19":{"start":{"line":32,"column":28},"end":{"line":32,"column":111}},"20":{"start":{"line":33,"column":27},"end":{"line":33,"column":108}},"21":{"start":{"line":34,"column":25},"end":{"line":34,"column":64}},"22":{"start":{"line":36,"column":0},"end":{"line":36,"column":33}},"23":{"start":{"line":37,"column":0},"end":{"line":37,"column":60}},"24":{"start":{"line":38,"column":0},"end":{"line":38,"column":66}},"25":{"start":{"line":39,"column":0},"end":{"line":39,"column":64}},"26":{"start":{"line":40,"column":0},"end":{"line":40,"column":46}},"27":{"start":{"line":41,"column":0},"end":{"line":41,"column":33}},"28":{"start":{"line":42,"column":0},"end":{"line":44,"column":1}},"29":{"start":{"line":43,"column":1},"end":{"line":43,"column":69}},"30":{"start":{"line":46,"column":0},"end":{"line":46,"column":22}},"31":{"start":{"line":47,"column":0},"end":{"line":47,"column":19}}},"fnMap":{},"branchMap":{"0":{"loc":{"start":{"line":5,"column":1},"end":{"line":10,"column":2}},"type":"if","locations":[{"start":{"line":5,"column":1},"end":{"line":10,"column":2}}]},"1":{"loc":{"start":{"line":12,"column":42},"end":{"line":12,"column":57}},"type":"binary-expr","locations":[{"start":{"line":12,"column":42},"end":{"line":12,"column":52}},{"start":{"line":12,"column":56},"end":{"line":12,"column":57}}]},"2":{"loc":{"start":{"line":42,"column":0},"end":{"line":44,"column":1}},"type":"if","locations":[{"start":{"line":42,"column":0},"end":{"line":44,"column":1}}]}},"s":{"0":1,"1":1,"2":1,"3":1,"4":1,"5":0,"6":0,"7":1,"8":1,"9":1,"10":1,"11":1,"12":1,"13":1,"14":1,"15":1,"16":1,"17":1,"18":1,"19":1,"20":1,"21":1,"22":1,"23":1,"24":1,"25":1,"26":1,"27":1,"28":1,"29":0,"30":1,"31":1},"f":{},"b":{"0":[0],"1":[0,0],"2":[0]}}
,"/home/cohorte5/Escritorio/pruebadesarrollokevin/-RiwiMediCarePlus-prueba/src/config/database.ts": {"path":"/home/cohorte5/Escritorio/pruebadesarrollokevin/-RiwiMediCarePlus-prueba/src/config/database.ts","statementMap":{"0":{"start":{"line":1,"column":0},"end":{"line":1,"column":38}},"1":{"start":{"line":2,"column":0},"end":{"line":2,"column":28}},"2":{"start":{"line":4,"column":0},"end":{"line":4,"column":16}},"3":{"start":{"line":6,"column":13},"end":{"line":16,"column":2}},"4":{"start":{"line":18,"column":0},"end":{"line":18,"column":25}}},"fnMap":{},"branchMap":{},"s":{"0":1,"1":1,"2":1,"3":1,"4":1},"f":{},"b":{}}
,"/home/cohorte5/Escritorio/pruebadesarrollokevin/-RiwiMediCarePlus-prueba/src/controllers/SupplyRequest.controller.ts": {"path":"/home/cohorte5/Escritorio/pruebadesarrollokevin/-RiwiMediCarePlus-prueba/src/controllers/SupplyRequest.controller.ts","statementMap":{"0":{"start":{"line":7,"column":0},"end":{"line":7,"column":73}},"1":{"start":{"line":19,"column":19},"end":{"line":20,"column":31}},"2":{"start":{"line":26,"column":2},"end":{"line":42,"column":4}},"3":{"start":{"line":31,"column":4},"end":{"line":41,"column":5}},"4":{"start":{"line":33,"column":8},"end":{"line":33,"column":16}},"5":{"start":{"line":36,"column":8},"end":{"line":36,"column":39}},"6":{"start":{"line":38,"column":6},"end":{"line":38,"column":36}},"7":{"start":{"line":40,"column":6},"end":{"line":40,"column":18}},"8":{"start":{"line":47,"column":2},"end":{"line":65,"column":4}},"9":{"start":{"line":52,"column":4},"end":{"line":64,"column":5}},"10":{"start":{"line":53,"column":19},"end":{"line":53,"column":80}},"11":{"start":{"line":55,"column":22},"end":{"line":58,"column":null}},"12":{"start":{"line":61,"column":6},"end":{"line":61,"column":24}},"13":{"start":{"line":63,"column":6},"end":{"line":63,"column":18}},"14":{"start":{"line":70,"column":2},"end":{"line":83,"column":4}},"15":{"start":{"line":75,"column":4},"end":{"line":82,"column":5}},"16":{"start":{"line":77,"column":8},"end":{"line":77,"column":38}},"17":{"start":{"line":79,"column":6},"end":{"line":79,"column":25}},"18":{"start":{"line":81,"column":6},"end":{"line":81,"column":18}},"19":{"start":{"line":88,"column":2},"end":{"line":103,"column":4}},"20":{"start":{"line":93,"column":4},"end":{"line":102,"column":5}},"21":{"start":{"line":95,"column":8},"end":{"line":96,"column":null}},"22":{"start":{"line":99,"column":6},"end":{"line":99,"column":25}},"23":{"start":{"line":101,"column":6},"end":{"line":101,"column":18}},"24":{"start":{"line":108,"column":2},"end":{"line":123,"column":4}},"25":{"start":{"line":113,"column":4},"end":{"line":122,"column":5}},"26":{"start":{"line":115,"column":8},"end":{"line":116,"column":null}},"27":{"start":{"line":119,"column":6},"end":{"line":119,"column":24}},"28":{"start":{"line":121,"column":6},"end":{"line":121,"column":18}},"29":{"start":{"line":18,"column":0},"end":{"line":18,"column":13}}},"fnMap":{"0":{"name":"(anonymous_0)","decl":{"start":{"line":18,"column":0},"end":{"line":18,"column":13}},"loc":{"start":{"line":18,"column":0},"end":{"line":124,"column":1}}},"1":{"name":"(anonymous_1)","decl":{"start":{"line":26,"column":11},"end":{"line":26,"column":16}},"loc":{"start":{"line":30,"column":21},"end":{"line":42,"column":3}}},"2":{"name":"(anonymous_2)","decl":{"start":{"line":47,"column":17},"end":{"line":47,"column":22}},"loc":{"start":{"line":51,"column":21},"end":{"line":65,"column":3}}},"3":{"name":"(anonymous_3)","decl":{"start":{"line":70,"column":11},"end":{"line":70,"column":16}},"loc":{"start":{"line":74,"column":21},"end":{"line":83,"column":3}}},"4":{"name":"(anonymous_4)","decl":{"start":{"line":88,"column":12},"end":{"line":88,"column":17}},"loc":{"start":{"line":92,"column":21},"end":{"line":103,"column":3}}},"5":{"name":"(anonymous_5)","decl":{"start":{"line":108,"column":11},"end":{"line":108,"column":16}},"loc":{"start":{"line":112,"column":21},"end":{"line":123,"column":3}}}},"branchMap":{},"s":{"0":1,"1":1,"2":1,"3":0,"4":0,"5":0,"6":0,"7":0,"8":1,"9":0,"10":0,"11":0,"12":0,"13":0,"14":1,"15":0,"16":0,"17":0,"18":0,"19":1,"20":0,"21":0,"22":0,"23":0,"24":1,"25":0,"26":0,"27":0,"28":0,"29":1},"f":{"0":1,"1":0,"2":0,"3":0,"4":0,"5":0},"b":{}}
,"/home/cohorte5/Escritorio/pruebadesarrollokevin/-RiwiMediCarePlus-prueba/src/controllers/auth.controller.ts": {"path":"/home/cohorte5/Escritorio/pruebadesarrollokevin/-RiwiMediCarePlus-prueba/src/controllers/auth.controller.ts","statementMap":{"0":{"start":{"line":3,"column":0},"end":{"line":3,"column":55}},"1":{"start":{"line":12,"column":19},"end":{"line":12,"column":60}},"2":{"start":{"line":18,"column":2},"end":{"line":32,"column":4}},"3":{"start":{"line":23,"column":4},"end":{"line":31,"column":5}},"4":{"start":{"line":24,"column":36},"end":{"line":24,"column":44}},"5":{"start":{"line":26,"column":19},"end":{"line":26,"column":95}},"6":{"start":{"line":28,"column":6},"end":{"line":28,"column":33}},"7":{"start":{"line":30,"column":6},"end":{"line":30,"column":18}},"8":{"start":{"line":37,"column":2},"end":{"line":51,"column":4}},"9":{"start":{"line":42,"column":4},"end":{"line":50,"column":5}},"10":{"start":{"line":43,"column":29},"end":{"line":43,"column":37}},"11":{"start":{"line":45,"column":28},"end":{"line":45,"column":79}},"12":{"start":{"line":47,"column":6},"end":{"line":47,"column":38}},"13":{"start":{"line":49,"column":6},"end":{"line":49,"column":18}},"14":{"start":{"line":56,"column":2},"end":{"line":67,"column":4}},"15":{"start":{"line":61,"column":4},"end":{"line":66,"column":5}},"16":{"start":{"line":62,"column":20},"end":{"line":62,"column":52}},"17":{"start":{"line":63,"column":6},"end":{"line":63,"column":34}},"18":{"start":{"line":65,"column":6},"end":{"line":65,"column":18}},"19":{"start":{"line":11,"column":0},"end":{"line":11,"column":13}}},"fnMap":{"0":{"name":"(anonymous_0)","decl":{"start":{"line":11,"column":0},"end":{"line":11,"column":13}},"loc":{"start":{"line":11,"column":0},"end":{"line":68,"column":1}}},"1":{"name":"(anonymous_1)","decl":{"start":{"line":18,"column":13},"end":{"line":18,"column":18}},"loc":{"start":{"line":22,"column":21},"end":{"line":32,"column":3}}},"2":{"name":"(anonymous_2)","decl":{"start":{"line":37,"column":10},"end":{"line":37,"column":15}},"loc":{"start":{"line":41,"column":21},"end":{"line":51,"column":3}}},"3":{"name":"(anonymous_3)","decl":{"start":{"line":56,"column":11},"end":{"line":56,"column":16}},"loc":{"start":{"line":60,"column":21},"end":{"line":67,"column":3}}}},"branchMap":{},"s":{"0":1,"1":1,"2":1,"3":1,"4":1,"5":1,"6":1,"7":0,"8":1,"9":1,"10":1,"11":1,"12":1,"13":0,"14":1,"15":1,"16":1,"17":1,"18":0,"19":1},"f":{"0":1,"1":1,"2":1,"3":1},"b":{}}
,"/home/cohorte5/Escritorio/pruebadesarrollokevin/-RiwiMediCarePlus-prueba/src/controllers/crud.controller.ts": {"path":"/home/cohorte5/Escritorio/pruebadesarrollokevin/-RiwiMediCarePlus-prueba/src/controllers/crud.controller.ts","statementMap":{"0":{"start":{"line":8,"column":31},"end":{"line":8,"column":43}},"1":{"start":{"line":13,"column":2},"end":{"line":17,"column":4}},"2":{"start":{"line":14,"column":4},"end":{"line":16,"column":36}},"3":{"start":{"line":15,"column":6},"end":{"line":15,"column":64}},"4":{"start":{"line":16,"column":22},"end":{"line":16,"column":34}},"5":{"start":{"line":23,"column":2},"end":{"line":27,"column":4}},"6":{"start":{"line":24,"column":4},"end":{"line":26,"column":38}},"7":{"start":{"line":25,"column":7},"end":{"line":25,"column":45}},"8":{"start":{"line":26,"column":24},"end":{"line":26,"column":36}},"9":{"start":{"line":33,"column":2},"end":{"line":37,"column":4}},"10":{"start":{"line":34,"column":4},"end":{"line":36,"column":36}},"11":{"start":{"line":35,"column":6},"end":{"line":35,"column":66}},"12":{"start":{"line":36,"column":22},"end":{"line":36,"column":34}},"13":{"start":{"line":43,"column":2},"end":{"line":45,"column":4}},"14":{"start":{"line":44,"column":4},"end":{"line":44,"column":112}},"15":{"start":{"line":44,"column":10},"end":{"line":44,"column":79}},"16":{"start":{"line":44,"column":98},"end":{"line":44,"column":110}},"17":{"start":{"line":51,"column":2},"end":{"line":55,"column":4}},"18":{"start":{"line":52,"column":4},"end":{"line":54,"column":36}},"19":{"start":{"line":53,"column":6},"end":{"line":53,"column":69}},"20":{"start":{"line":54,"column":22},"end":{"line":54,"column":34}},"21":{"start":{"line":7,"column":0},"end":{"line":7,"column":13}}},"fnMap":{"0":{"name":"(anonymous_0)","decl":{"start":{"line":8,"column":2},"end":{"line":8,"column":31}},"loc":{"start":{"line":8,"column":43},"end":{"line":8,"column":47}}},"1":{"name":"(anonymous_1)","decl":{"start":{"line":13,"column":11},"end":{"line":13,"column":16}},"loc":{"start":{"line":13,"column":84},"end":{"line":17,"column":3}}},"2":{"name":"(anonymous_2)","decl":{"start":{"line":23,"column":11},"end":{"line":23,"column":16}},"loc":{"start":{"line":23,"column":84},"end":{"line":27,"column":3}}},"3":{"name":"(anonymous_3)","decl":{"start":{"line":33,"column":12},"end":{"line":33,"column":17}},"loc":{"start":{"line":33,"column":85},"end":{"line":37,"column":3}}},"4":{"name":"(anonymous_4)","decl":{"start":{"line":43,"column":11},"end":{"line":43,"column":16}},"loc":{"start":{"line":43,"column":84},"end":{"line":45,"column":3}}},"5":{"name":"(anonymous_5)","decl":{"start":{"line":51,"column":11},"end":{"line":51,"column":16}},"loc":{"start":{"line":51,"column":84},"end":{"line":55,"column":3}}}},"branchMap":{},"s":{"0":3,"1":3,"2":0,"3":0,"4":0,"5":3,"6":0,"7":0,"8":0,"9":3,"10":0,"11":0,"12":0,"13":3,"14":0,"15":0,"16":0,"17":3,"18":0,"19":0,"20":0,"21":1},"f":{"0":3,"1":0,"2":0,"3":0,"4":0,"5":0},"b":{}}
,"/home/cohorte5/Escritorio/pruebadesarrollokevin/-RiwiMediCarePlus-prueba/src/controllers/seed.controller.ts": {"path":"/home/cohorte5/Escritorio/pruebadesarrollokevin/-RiwiMediCarePlus-prueba/src/controllers/seed.controller.ts","statementMap":{"0":{"start":{"line":2,"column":0},"end":{"line":2,"column":30}},"1":{"start":{"line":3,"column":0},"end":{"line":3,"column":40}},"2":{"start":{"line":4,"column":0},"end":{"line":4,"column":44}},"3":{"start":{"line":5,"column":0},"end":{"line":5,"column":50}},"4":{"start":{"line":6,"column":0},"end":{"line":6,"column":48}},"5":{"start":{"line":17,"column":2},"end":{"line":42,"column":4}},"6":{"start":{"line":18,"column":4},"end":{"line":41,"column":36}},"7":{"start":{"line":19,"column":6},"end":{"line":19,"column":62}},"8":{"start":{"line":19,"column":21},"end":{"line":19,"column":62}},"9":{"start":{"line":20,"column":19},"end":{"line":20,"column":57}},"10":{"start":{"line":22,"column":6},"end":{"line":27,"column":7}},"11":{"start":{"line":23,"column":8},"end":{"line":26,"column":9}},"12":{"start":{"line":24,"column":27},"end":{"line":24,"column":63}},"13":{"start":{"line":25,"column":10},"end":{"line":25,"column":101}},"14":{"start":{"line":28,"column":6},"end":{"line":30,"column":7}},"15":{"start":{"line":29,"column":8},"end":{"line":29,"column":119}},"16":{"start":{"line":29,"column":43},"end":{"line":29,"column":119}},"17":{"start":{"line":31,"column":6},"end":{"line":33,"column":7}},"18":{"start":{"line":32,"column":8},"end":{"line":32,"column":136}},"19":{"start":{"line":32,"column":49},"end":{"line":32,"column":136}},"20":{"start":{"line":34,"column":6},"end":{"line":39,"column":7}},"21":{"start":{"line":35,"column":8},"end":{"line":38,"column":9}},"22":{"start":{"line":36,"column":25},"end":{"line":36,"column":118}},"23":{"start":{"line":37,"column":10},"end":{"line":37,"column":55}},"24":{"start":{"line":37,"column":23},"end":{"line":37,"column":55}},"25":{"start":{"line":40,"column":6},"end":{"line":40,"column":61}},"26":{"start":{"line":41,"column":22},"end":{"line":41,"column":34}},"27":{"start":{"line":12,"column":0},"end":{"line":12,"column":13}}},"fnMap":{"0":{"name":"(anonymous_1)","decl":{"start":{"line":12,"column":0},"end":{"line":12,"column":13}},"loc":{"start":{"line":12,"column":0},"end":{"line":43,"column":1}}},"1":{"name":"(anonymous_2)","decl":{"start":{"line":17,"column":11},"end":{"line":17,"column":16}},"loc":{"start":{"line":17,"column":84},"end":{"line":42,"column":3}}}},"branchMap":{"0":{"loc":{"start":{"line":19,"column":6},"end":{"line":19,"column":62}},"type":"if","locations":[{"start":{"line":19,"column":6},"end":{"line":19,"column":62}}]},"1":{"loc":{"start":{"line":22,"column":6},"end":{"line":27,"column":7}},"type":"if","locations":[{"start":{"line":22,"column":6},"end":{"line":27,"column":7}}]},"2":{"loc":{"start":{"line":28,"column":6},"end":{"line":30,"column":7}},"type":"if","locations":[{"start":{"line":28,"column":6},"end":{"line":30,"column":7}}]},"3":{"loc":{"start":{"line":31,"column":6},"end":{"line":33,"column":7}},"type":"if","locations":[{"start":{"line":31,"column":6},"end":{"line":33,"column":7}}]},"4":{"loc":{"start":{"line":34,"column":6},"end":{"line":39,"column":7}},"type":"if","locations":[{"start":{"line":34,"column":6},"end":{"line":39,"column":7}}]},"5":{"loc":{"start":{"line":37,"column":10},"end":{"line":37,"column":55}},"type":"if","locations":[{"start":{"line":37,"column":10},"end":{"line":37,"column":55}}]}},"s":{"0":1,"1":1,"2":1,"3":1,"4":1,"5":1,"6":0,"7":0,"8":0,"9":0,"10":0,"11":0,"12":0,"13":0,"14":0,"15":0,"16":0,"17":0,"18":0,"19":0,"20":0,"21":0,"22":0,"23":0,"24":0,"25":0,"26":0,"27":1},"f":{"0":1,"1":0},"b":{"0":[0],"1":[0],"2":[0],"3":[0],"4":[0],"5":[0]}}
,"/home/cohorte5/Escritorio/pruebadesarrollokevin/-RiwiMediCarePlus-prueba/src/middlewares/auth.middleware.ts": {"path":"/home/cohorte5/Escritorio/pruebadesarrollokevin/-RiwiMediCarePlus-prueba/src/middlewares/auth.middleware.ts","statementMap":{"0":{"start":{"line":2,"column":0},"end":{"line":2,"column":31}},"1":{"start":{"line":12,"column":28},"end":{"line":33,"column":1}},"2":{"start":{"line":14,"column":17},"end":{"line":14,"column":42}},"3":{"start":{"line":17,"column":2},"end":{"line":20,"column":3}},"4":{"start":{"line":18,"column":4},"end":{"line":18,"column":65}},"5":{"start":{"line":19,"column":4},"end":{"line":19,"column":11}},"6":{"start":{"line":22,"column":2},"end":{"line":32,"column":3}},"7":{"start":{"line":25,"column":4},"end":{"line":25,"column":89}},"8":{"start":{"line":28,"column":4},"end":{"line":28,"column":11}},"9":{"start":{"line":31,"column":4},"end":{"line":31,"column":66}},"10":{"start":{"line":12,"column":13},"end":{"line":12,"column":28}}},"fnMap":{"0":{"name":"(anonymous_1)","decl":{"start":{"line":12,"column":28},"end":{"line":12,"column":29}},"loc":{"start":{"line":12,"column":86},"end":{"line":33,"column":1}}}},"branchMap":{"0":{"loc":{"start":{"line":17,"column":2},"end":{"line":20,"column":3}},"type":"if","locations":[{"start":{"line":17,"column":2},"end":{"line":20,"column":3}}]}},"s":{"0":1,"1":1,"2":1,"3":1,"4":0,"5":0,"6":1,"7":1,"8":1,"9":0,"10":1},"f":{"0":1},"b":{"0":[0]}}
,"/home/cohorte5/Escritorio/pruebadesarrollokevin/-RiwiMediCarePlus-prueba/src/middlewares/error.middleware.ts": {"path":"/home/cohorte5/Escritorio/pruebadesarrollokevin/-RiwiMediCarePlus-prueba/src/middlewares/error.middleware.ts","statementMap":{"0":{"start":{"line":10,"column":28},"end":{"line":15,"column":1}},"1":{"start":{"line":12,"column":2},"end":{"line":12,"column":29}},"2":{"start":{"line":14,"column":2},"end":{"line":14,"column":49}},"3":{"start":{"line":10,"column":13},"end":{"line":10,"column":28}}},"fnMap":{"0":{"name":"(anonymous_0)","decl":{"start":{"line":10,"column":28},"end":{"line":10,"column":29}},"loc":{"start":{"line":10,"column":98},"end":{"line":15,"column":1}}}},"branchMap":{},"s":{"0":1,"1":0,"2":0,"3":1},"f":{"0":0},"b":{}}
,"/home/cohorte5/Escritorio/pruebadesarrollokevin/-RiwiMediCarePlus-prueba/src/middlewares/role.middleware.ts": {"path":"/home/cohorte5/Escritorio/pruebadesarrollokevin/-RiwiMediCarePlus-prueba/src/middlewares/role.middleware.ts","statementMap":{"0":{"start":{"line":9,"column":25},"end":{"line":19,"column":3}},"1":{"start":{"line":10,"column":2},"end":{"line":19,"column":3}},"2":{"start":{"line":12,"column":4},"end":{"line":16,"column":5}},"3":{"start":{"line":14,"column":6},"end":{"line":14,"column":53}},"4":{"start":{"line":15,"column":6},"end":{"line":15,"column":13}},"5":{"start":{"line":18,"column":4},"end":{"line":18,"column":11}},"6":{"start":{"line":9,"column":13},"end":{"line":9,"column":25}}},"fnMap":{"0":{"name":"(anonymous_0)","decl":{"start":{"line":9,"column":25},"end":{"line":9,"column":26}},"loc":{"start":{"line":10,"column":2},"end":{"line":19,"column":3}}},"1":{"name":"(anonymous_1)","decl":{"start":{"line":10,"column":2},"end":{"line":10,"column":3}},"loc":{"start":{"line":10,"column":60},"end":{"line":19,"column":3}}}},"branchMap":{"0":{"loc":{"start":{"line":12,"column":4},"end":{"line":16,"column":5}},"type":"if","locations":[{"start":{"line":12,"column":4},"end":{"line":16,"column":5}}]},"1":{"loc":{"start":{"line":12,"column":8},"end":{"line":12,"column":51}},"type":"binary-expr","locations":[{"start":{"line":12,"column":8},"end":{"line":12,"column":17}},{"start":{"line":12,"column":21},"end":{"line":12,"column":51}}]}},"s":{"0":1,"1":8,"2":1,"3":0,"4":0,"5":1,"6":1},"f":{"0":8,"1":1},"b":{"0":[0],"1":[1,1]}}
,"/home/cohorte5/Escritorio/pruebadesarrollokevin/-RiwiMediCarePlus-prueba/src/models/clinic.model.ts": {"path":"/home/cohorte5/Escritorio/pruebadesarrollokevin/-RiwiMediCarePlus-prueba/src/models/clinic.model.ts","statementMap":{"0":{"start":{"line":1,"column":0},"end":{"line":1,"column":55}},"1":{"start":{"line":2,"column":0},"end":{"line":2,"column":43}},"2":{"start":{"line":3,"column":0},"end":{"line":3,"column":52}},"3":{"start":{"line":30,"column":0},"end":{"line":43,"column":2}},"4":{"start":{"line":45,"column":0},"end":{"line":45,"column":22}}},"fnMap":{},"branchMap":{},"s":{"0":1,"1":1,"2":1,"3":1,"4":1},"f":{},"b":{}}
,"/home/cohorte5/Escritorio/pruebadesarrollokevin/-RiwiMediCarePlus-prueba/src/models/medicine.model.ts": {"path":"/home/cohorte5/Escritorio/pruebadesarrollokevin/-RiwiMediCarePlus-prueba/src/models/medicine.model.ts","statementMap":{"0":{"start":{"line":1,"column":0},"end":{"line":1,"column":55}},"1":{"start":{"line":2,"column":0},"end":{"line":2,"column":43}},"2":{"start":{"line":3,"column":0},"end":{"line":3,"column":52}},"3":{"start":{"line":30,"column":0},"end":{"line":48,"column":2}},"4":{"start":{"line":50,"column":0},"end":{"line":50,"column":24}}},"fnMap":{},"branchMap":{},"s":{"0":1,"1":1,"2":1,"3":1,"4":1},"f":{},"b":{}}
,"/home/cohorte5/Escritorio/pruebadesarrollokevin/-RiwiMediCarePlus-prueba/src/models/supplyRequest.model.ts": {"path":"/home/cohorte5/Escritorio/pruebadesarrollokevin/-RiwiMediCarePlus-prueba/src/models/supplyRequest.model.ts","statementMap":{"0":{"start":{"line":1,"column":0},"end":{"line":1,"column":55}},"1":{"start":{"line":2,"column":0},"end":{"line":2,"column":43}},"2":{"start":{"line":3,"column":0},"end":{"line":3,"column":67}},"3":{"start":{"line":32,"column":0},"end":{"line":58,"column":2}},"4":{"start":{"line":60,"column":0},"end":{"line":60,"column":29}}},"fnMap":{},"branchMap":{},"s":{"0":1,"1":1,"2":1,"3":1,"4":1},"f":{},"b":{}}
,"/home/cohorte5/Escritorio/pruebadesarrollokevin/-RiwiMediCarePlus-prueba/src/models/user.model.ts": {"path":"/home/cohorte5/Escritorio/pruebadesarrollokevin/-RiwiMediCarePlus-prueba/src/models/user.model.ts","statementMap":{"0":{"start":{"line":1,"column":0},"end":{"line":1,"column":55}},"1":{"start":{"line":2,"column":0},"end":{"line":2,"column":43}},"2":{"start":{"line":3,"column":0},"end":{"line":3,"column":62}},"3":{"start":{"line":25,"column":0},"end":{"line":55,"column":22}},"4":{"start":{"line":57,"column":0},"end":{"line":57,"column":20}}},"fnMap":{},"branchMap":{},"s":{"0":1,"1":1,"2":1,"3":1,"4":1},"f":{},"b":{}}
,"/home/cohorte5/Escritorio/pruebadesarrollokevin/-RiwiMediCarePlus-prueba/src/models/wareHouse.model.ts": {"path":"/home/cohorte5/Escritorio/pruebadesarrollokevin/-RiwiMediCarePlus-prueba/src/models/wareHouse.model.ts","statementMap":{"0":{"start":{"line":1,"column":0},"end":{"line":1,"column":55}},"1":{"start":{"line":2,"column":0},"end":{"line":2,"column":43}},"2":{"start":{"line":3,"column":0},"end":{"line":3,"column":52}},"3":{"start":{"line":26,"column":0},"end":{"line":42,"column":2}},"4":{"start":{"line":44,"column":0},"end":{"line":44,"column":25}}},"fnMap":{},"branchMap":{},"s":{"0":1,"1":1,"2":1,"3":1,"4":1},"f":{},"b":{}}
,"/home/cohorte5/Escritorio/pruebadesarrollokevin/-RiwiMediCarePlus-prueba/src/repository/base.repository.ts": {"path":"/home/cohorte5/Escritorio/pruebadesarrollokevin/-RiwiMediCarePlus-prueba/src/repository/base.repository.ts","statementMap":{"0":{"start":{"line":5,"column":33},"end":{"line":5,"column":54}},"1":{"start":{"line":8,"column":4},"end":{"line":8,"column":42}},"2":{"start":{"line":12,"column":4},"end":{"line":12,"column":70}},"3":{"start":{"line":16,"column":4},"end":{"line":16,"column":74}},"4":{"start":{"line":20,"column":29},"end":{"line":20,"column":52}},"5":{"start":{"line":21,"column":4},"end":{"line":21,"column":29}},"6":{"start":{"line":21,"column":17},"end":{"line":21,"column":29}},"7":{"start":{"line":22,"column":4},"end":{"line":22,"column":37}},"8":{"start":{"line":23,"column":4},"end":{"line":23,"column":18}},"9":{"start":{"line":28,"column":29},"end":{"line":28,"column":52}},"10":{"start":{"line":30,"column":4},"end":{"line":30,"column":29}},"11":{"start":{"line":30,"column":17},"end":{"line":30,"column":29}},"12":{"start":{"line":31,"column":4},"end":{"line":31,"column":55}},"13":{"start":{"line":32,"column":4},"end":{"line":32,"column":18}},"14":{"start":{"line":4,"column":0},"end":{"line":4,"column":13}}},"fnMap":{"0":{"name":"(anonymous_0)","decl":{"start":{"line":5,"column":2},"end":{"line":5,"column":33}},"loc":{"start":{"line":5,"column":54},"end":{"line":5,"column":58}}},"1":{"name":"(anonymous_1)","decl":{"start":{"line":7,"column":2},"end":{"line":7,"column":7}},"loc":{"start":{"line":7,"column":30},"end":{"line":8,"column":44}}},"2":{"name":"(anonymous_2)","decl":{"start":{"line":11,"column":2},"end":{"line":11,"column":7}},"loc":{"start":{"line":11,"column":15},"end":{"line":12,"column":72}}},"3":{"name":"(anonymous_3)","decl":{"start":{"line":15,"column":2},"end":{"line":15,"column":7}},"loc":{"start":{"line":15,"column":27},"end":{"line":16,"column":76}}},"4":{"name":"(anonymous_4)","decl":{"start":{"line":19,"column":2},"end":{"line":19,"column":7}},"loc":{"start":{"line":19,"column":42},"end":{"line":24,"column":3}}},"5":{"name":"(anonymous_5)","decl":{"start":{"line":26,"column":2},"end":{"line":26,"column":7}},"loc":{"start":{"line":26,"column":29},"end":{"line":33,"column":3}}}},"branchMap":{"0":{"loc":{"start":{"line":21,"column":4},"end":{"line":21,"column":29}},"type":"if","locations":[{"start":{"line":21,"column":4},"end":{"line":21,"column":29}}]},"1":{"loc":{"start":{"line":30,"column":4},"end":{"line":30,"column":29}},"type":"if","locations":[{"start":{"line":30,"column":4},"end":{"line":30,"column":29}}]}},"s":{"0":7,"1":0,"2":0,"3":0,"4":0,"5":0,"6":0,"7":0,"8":0,"9":0,"10":0,"11":0,"12":0,"13":0,"14":1},"f":{"0":7,"1":0,"2":0,"3":0,"4":0,"5":0},"b":{"0":[0],"1":[0]}}
,"/home/cohorte5/Escritorio/pruebadesarrollokevin/-RiwiMediCarePlus-prueba/src/repository/clinic.repository.ts": {"path":"/home/cohorte5/Escritorio/pruebadesarrollokevin/-RiwiMediCarePlus-prueba/src/repository/clinic.repository.ts","statementMap":{"0":{"start":{"line":1,"column":0},"end":{"line":1,"column":44}},"1":{"start":{"line":2,"column":0},"end":{"line":2,"column":51}},"2":{"start":{"line":5,"column":18},"end":{"line":5,"column":32}},"3":{"start":{"line":6,"column":57},"end":{"line":6,"column":99}},"4":{"start":{"line":4,"column":0},"end":{"line":4,"column":13}}},"fnMap":{"0":{"name":"(anonymous_1)","decl":{"start":{"line":5,"column":2},"end":{"line":5,"column":18}},"loc":{"start":{"line":5,"column":2},"end":{"line":5,"column":34}}},"1":{"name":"(anonymous_2)","decl":{"start":{"line":6,"column":2},"end":{"line":6,"column":7}},"loc":{"start":{"line":6,"column":29},"end":{"line":6,"column":101}}}},"branchMap":{},"s":{"0":1,"1":1,"2":2,"3":0,"4":1},"f":{"0":2,"1":0},"b":{}}
,"/home/cohorte5/Escritorio/pruebadesarrollokevin/-RiwiMediCarePlus-prueba/src/repository/medicine.repository.ts": {"path":"/home/cohorte5/Escritorio/pruebadesarrollokevin/-RiwiMediCarePlus-prueba/src/repository/medicine.repository.ts","statementMap":{"0":{"start":{"line":1,"column":0},"end":{"line":1,"column":48}},"1":{"start":{"line":2,"column":0},"end":{"line":2,"column":51}},"2":{"start":{"line":4,"column":18},"end":{"line":4,"column":34}},"3":{"start":{"line":6,"column":4},"end":{"line":6,"column":97}},"4":{"start":{"line":3,"column":0},"end":{"line":3,"column":13}}},"fnMap":{"0":{"name":"(anonymous_1)","decl":{"start":{"line":4,"column":2},"end":{"line":4,"column":18}},"loc":{"start":{"line":4,"column":2},"end":{"line":4,"column":36}}},"1":{"name":"(anonymous_2)","decl":{"start":{"line":5,"column":2},"end":{"line":5,"column":7}},"loc":{"start":{"line":5,"column":61},"end":{"line":7,"column":3}}}},"branchMap":{},"s":{"0":1,"1":1,"2":2,"3":0,"4":1},"f":{"0":2,"1":0},"b":{}}
,"/home/cohorte5/Escritorio/pruebadesarrollokevin/-RiwiMediCarePlus-prueba/src/repository/supplyRequest.repository.ts": {"path":"/home/cohorte5/Escritorio/pruebadesarrollokevin/-RiwiMediCarePlus-prueba/src/repository/supplyRequest.repository.ts","statementMap":{"0":{"start":{"line":1,"column":0},"end":{"line":1,"column":58}},"1":{"start":{"line":2,"column":0},"end":{"line":2,"column":51}},"2":{"start":{"line":3,"column":0},"end":{"line":3,"column":46}},"3":{"start":{"line":4,"column":0},"end":{"line":4,"column":50}},"4":{"start":{"line":5,"column":0},"end":{"line":5,"column":52}},"5":{"start":{"line":8,"column":18},"end":{"line":8,"column":39}},"6":{"start":{"line":10,"column":4},"end":{"line":13,"column":7}},"7":{"start":{"line":16,"column":4},"end":{"line":19,"column":7}},"8":{"start":{"line":7,"column":0},"end":{"line":7,"column":13}}},"fnMap":{"0":{"name":"(anonymous_1)","decl":{"start":{"line":8,"column":2},"end":{"line":8,"column":18}},"loc":{"start":{"line":8,"column":2},"end":{"line":8,"column":41}}},"1":{"name":"(anonymous_2)","decl":{"start":{"line":9,"column":2},"end":{"line":9,"column":7}},"loc":{"start":{"line":9,"column":28},"end":{"line":14,"column":3}}},"2":{"name":"(anonymous_3)","decl":{"start":{"line":15,"column":2},"end":{"line":15,"column":7}},"loc":{"start":{"line":15,"column":37},"end":{"line":20,"column":3}}}},"branchMap":{},"s":{"0":1,"1":1,"2":1,"3":1,"4":1,"5":1,"6":0,"7":0,"8":1},"f":{"0":1,"1":0,"2":0},"b":{}}
,"/home/cohorte5/Escritorio/pruebadesarrollokevin/-RiwiMediCarePlus-prueba/src/repository/user.repository.ts": {"path":"/home/cohorte5/Escritorio/pruebadesarrollokevin/-RiwiMediCarePlus-prueba/src/repository/user.repository.ts","statementMap":{"0":{"start":{"line":1,"column":0},"end":{"line":1,"column":40}},"1":{"start":{"line":2,"column":0},"end":{"line":2,"column":52}},"2":{"start":{"line":5,"column":43},"end":{"line":5,"column":68}},"3":{"start":{"line":6,"column":59},"end":{"line":6,"column":101}},"4":{"start":{"line":7,"column":37},"end":{"line":7,"column":101}},"5":{"start":{"line":4,"column":0},"end":{"line":4,"column":13}}},"fnMap":{"0":{"name":"(anonymous_1)","decl":{"start":{"line":5,"column":2},"end":{"line":5,"column":7}},"loc":{"start":{"line":5,"column":24},"end":{"line":5,"column":70}}},"1":{"name":"(anonymous_2)","decl":{"start":{"line":6,"column":2},"end":{"line":6,"column":7}},"loc":{"start":{"line":6,"column":33},"end":{"line":6,"column":103}}},"2":{"name":"(anonymous_3)","decl":{"start":{"line":7,"column":2},"end":{"line":7,"column":7}},"loc":{"start":{"line":7,"column":15},"end":{"line":7,"column":103}}}},"branchMap":{},"s":{"0":1,"1":1,"2":0,"3":0,"4":0,"5":1},"f":{"0":0,"1":0,"2":0},"b":{}}
,"/home/cohorte5/Escritorio/pruebadesarrollokevin/-RiwiMediCarePlus-prueba/src/repository/wareHouse.repository.ts": {"path":"/home/cohorte5/Escritorio/pruebadesarrollokevin/-RiwiMediCarePlus-prueba/src/repository/wareHouse.repository.ts","statementMap":{"0":{"start":{"line":1,"column":0},"end":{"line":1,"column":50}},"1":{"start":{"line":2,"column":0},"end":{"line":2,"column":51}},"2":{"start":{"line":3,"column":95},"end":{"line":3,"column":112}},"3":{"start":{"line":3,"column":0},"end":{"line":3,"column":13}}},"fnMap":{"0":{"name":"(anonymous_1)","decl":{"start":{"line":3,"column":79},"end":{"line":3,"column":95}},"loc":{"start":{"line":3,"column":79},"end":{"line":3,"column":114}}}},"branchMap":{},"s":{"0":1,"1":1,"2":2,"3":1},"f":{"0":2},"b":{}}
,"/home/cohorte5/Escritorio/pruebadesarrollokevin/-RiwiMediCarePlus-prueba/src/routes/auth.routes.ts": {"path":"/home/cohorte5/Escritorio/pruebadesarrollokevin/-RiwiMediCarePlus-prueba/src/routes/auth.routes.ts","statementMap":{"0":{"start":{"line":1,"column":0},"end":{"line":1,"column":33}},"1":{"start":{"line":2,"column":0},"end":{"line":2,"column":64}},"2":{"start":{"line":3,"column":0},"end":{"line":3,"column":62}},"3":{"start":{"line":4,"column":0},"end":{"line":4,"column":59}},"4":{"start":{"line":5,"column":0},"end":{"line":5,"column":48}},"5":{"start":{"line":7,"column":15},"end":{"line":7,"column":23}},"6":{"start":{"line":8,"column":19},"end":{"line":8,"column":39}},"7":{"start":{"line":55,"column":0},"end":{"line":55,"column":46}},"8":{"start":{"line":90,"column":0},"end":{"line":90,"column":40}},"9":{"start":{"line":93,"column":0},"end":{"line":93,"column":81}},"10":{"start":{"line":95,"column":0},"end":{"line":95,"column":22}}},"fnMap":{},"branchMap":{},"s":{"0":1,"1":1,"2":1,"3":1,"4":1,"5":1,"6":1,"7":1,"8":1,"9":1,"10":1},"f":{},"b":{}}
,"/home/cohorte5/Escritorio/pruebadesarrollokevin/-RiwiMediCarePlus-prueba/src/routes/crud.routes.ts": {"path":"/home/cohorte5/Escritorio/pruebadesarrollokevin/-RiwiMediCarePlus-prueba/src/routes/crud.routes.ts","statementMap":{"0":{"start":{"line":130,"column":0},"end":{"line":130,"column":33}},"1":{"start":{"line":132,"column":0},"end":{"line":132,"column":62}},"2":{"start":{"line":133,"column":0},"end":{"line":133,"column":59}},"3":{"start":{"line":134,"column":0},"end":{"line":134,"column":48}},"4":{"start":{"line":136,"column":32},"end":{"line":148,"column":1}},"5":{"start":{"line":137,"column":17},"end":{"line":137,"column":25}},"6":{"start":{"line":139,"column":2},"end":{"line":139,"column":54}},"7":{"start":{"line":141,"column":2},"end":{"line":141,"column":38}},"8":{"start":{"line":142,"column":2},"end":{"line":142,"column":37}},"9":{"start":{"line":143,"column":2},"end":{"line":143,"column":41}},"10":{"start":{"line":144,"column":2},"end":{"line":144,"column":40}},"11":{"start":{"line":145,"column":2},"end":{"line":145,"column":43}},"12":{"start":{"line":147,"column":2},"end":{"line":147,"column":16}},"13":{"start":{"line":136,"column":13},"end":{"line":136,"column":32}}},"fnMap":{"0":{"name":"(anonymous_0)","decl":{"start":{"line":136,"column":32},"end":{"line":136,"column":33}},"loc":{"start":{"line":136,"column":71},"end":{"line":148,"column":1}}}},"branchMap":{},"s":{"0":1,"1":1,"2":1,"3":1,"4":1,"5":3,"6":3,"7":3,"8":3,"9":3,"10":3,"11":3,"12":3,"13":1},"f":{"0":3},"b":{}}
,"/home/cohorte5/Escritorio/pruebadesarrollokevin/-RiwiMediCarePlus-prueba/src/routes/seed.routes.ts": {"path":"/home/cohorte5/Escritorio/pruebadesarrollokevin/-RiwiMediCarePlus-prueba/src/routes/seed.routes.ts","statementMap":{"0":{"start":{"line":27,"column":0},"end":{"line":27,"column":33}},"1":{"start":{"line":28,"column":0},"end":{"line":28,"column":28}},"2":{"start":{"line":29,"column":0},"end":{"line":29,"column":64}},"3":{"start":{"line":30,"column":0},"end":{"line":30,"column":62}},"4":{"start":{"line":31,"column":0},"end":{"line":31,"column":59}},"5":{"start":{"line":32,"column":0},"end":{"line":32,"column":48}},"6":{"start":{"line":34,"column":15},"end":{"line":34,"column":23}},"7":{"start":{"line":35,"column":15},"end":{"line":35,"column":23}},"8":{"start":{"line":36,"column":19},"end":{"line":36,"column":39}},"9":{"start":{"line":38,"column":0},"end":{"line":38,"column":106}},"10":{"start":{"line":39,"column":0},"end":{"line":39,"column":22}}},"fnMap":{},"branchMap":{},"s":{"0":1,"1":1,"2":1,"3":1,"4":1,"5":1,"6":1,"7":1,"8":1,"9":1,"10":1},"f":{},"b":{}}
,"/home/cohorte5/Escritorio/pruebadesarrollokevin/-RiwiMediCarePlus-prueba/src/routes/supplyRequest.routes.ts": {"path":"/home/cohorte5/Escritorio/pruebadesarrollokevin/-RiwiMediCarePlus-prueba/src/routes/supplyRequest.routes.ts","statementMap":{"0":{"start":{"line":81,"column":0},"end":{"line":81,"column":33}},"1":{"start":{"line":82,"column":0},"end":{"line":82,"column":82}},"2":{"start":{"line":83,"column":0},"end":{"line":83,"column":62}},"3":{"start":{"line":84,"column":0},"end":{"line":84,"column":59}},"4":{"start":{"line":85,"column":0},"end":{"line":85,"column":48}},"5":{"start":{"line":87,"column":15},"end":{"line":87,"column":23}},"6":{"start":{"line":88,"column":19},"end":{"line":88,"column":48}},"7":{"start":{"line":90,"column":0},"end":{"line":90,"column":25}},"8":{"start":{"line":91,"column":0},"end":{"line":91,"column":41}},"9":{"start":{"line":92,"column":0},"end":{"line":92,"column":60}},"10":{"start":{"line":93,"column":0},"end":{"line":93,"column":89}},"11":{"start":{"line":94,"column":0},"end":{"line":94,"column":106}},"12":{"start":{"line":95,"column":0},"end":{"line":95,"column":68}},"13":{"start":{"line":97,"column":0},"end":{"line":97,"column":22}}},"fnMap":{},"branchMap":{},"s":{"0":1,"1":1,"2":1,"3":1,"4":1,"5":1,"6":1,"7":1,"8":1,"9":1,"10":1,"11":1,"12":1,"13":1},"f":{},"b":{}}
,"/home/cohorte5/Escritorio/pruebadesarrollokevin/-RiwiMediCarePlus-prueba/src/services/auth.service.ts": {"path":"/home/cohorte5/Escritorio/pruebadesarrollokevin/-RiwiMediCarePlus-prueba/src/services/auth.service.ts","statementMap":{"0":{"start":{"line":1,"column":0},"end":{"line":1,"column":30}},"1":{"start":{"line":2,"column":0},"end":{"line":2,"column":31}},"2":{"start":{"line":3,"column":0},"end":{"line":3,"column":63}},"3":{"start":{"line":4,"column":0},"end":{"line":4,"column":48}},"4":{"start":{"line":10,"column":19},"end":{"line":10,"column":73}},"5":{"start":{"line":17,"column":4},"end":{"line":17,"column":81}},"6":{"start":{"line":17,"column":49},"end":{"line":17,"column":81}},"7":{"start":{"line":18,"column":25},"end":{"line":18,"column":69}},"8":{"start":{"line":20,"column":4},"end":{"line":20,"column":66}},"9":{"start":{"line":20,"column":22},"end":{"line":20,"column":66}},"10":{"start":{"line":21,"column":27},"end":{"line":21,"column":58}},"11":{"start":{"line":22,"column":17},"end":{"line":22,"column":98}},"12":{"start":{"line":24,"column":4},"end":{"line":24,"column":80}},"13":{"start":{"line":32,"column":17},"end":{"line":32,"column":61}},"14":{"start":{"line":34,"column":4},"end":{"line":34,"column":54}},"15":{"start":{"line":34,"column":15},"end":{"line":34,"column":54}},"16":{"start":{"line":36,"column":26},"end":{"line":36,"column":71}},"17":{"start":{"line":38,"column":4},"end":{"line":38,"column":63}},"18":{"start":{"line":38,"column":24},"end":{"line":38,"column":63}},"19":{"start":{"line":40,"column":22},"end":{"line":40,"column":44}},"20":{"start":{"line":41,"column":4},"end":{"line":41,"column":65}},"21":{"start":{"line":41,"column":20},"end":{"line":41,"column":65}},"22":{"start":{"line":43,"column":4},"end":{"line":47,"column":6}},"23":{"start":{"line":54,"column":18},"end":{"line":54,"column":53}},"24":{"start":{"line":55,"column":4},"end":{"line":55,"column":86}},"25":{"start":{"line":55,"column":27},"end":{"line":55,"column":83}},"26":{"start":{"line":9,"column":0},"end":{"line":9,"column":13}}},"fnMap":{"0":{"name":"(anonymous_1)","decl":{"start":{"line":9,"column":0},"end":{"line":9,"column":13}},"loc":{"start":{"line":9,"column":0},"end":{"line":57,"column":1}}},"1":{"name":"(anonymous_2)","decl":{"start":{"line":15,"column":2},"end":{"line":15,"column":7}},"loc":{"start":{"line":15,"column":78},"end":{"line":25,"column":3}}},"2":{"name":"(anonymous_3)","decl":{"start":{"line":30,"column":2},"end":{"line":30,"column":7}},"loc":{"start":{"line":30,"column":45},"end":{"line":48,"column":3}}},"3":{"name":"(anonymous_4)","decl":{"start":{"line":53,"column":2},"end":{"line":53,"column":7}},"loc":{"start":{"line":53,"column":19},"end":{"line":56,"column":3}}},"4":{"name":"(anonymous_5)","decl":{"start":{"line":55,"column":21},"end":{"line":55,"column":22}},"loc":{"start":{"line":55,"column":27},"end":{"line":55,"column":83}}}},"branchMap":{"0":{"loc":{"start":{"line":17,"column":4},"end":{"line":17,"column":81}},"type":"if","locations":[{"start":{"line":17,"column":4},"end":{"line":17,"column":81}}]},"1":{"loc":{"start":{"line":20,"column":4},"end":{"line":20,"column":66}},"type":"if","locations":[{"start":{"line":20,"column":4},"end":{"line":20,"column":66}}]},"2":{"loc":{"start":{"line":34,"column":4},"end":{"line":34,"column":54}},"type":"if","locations":[{"start":{"line":34,"column":4},"end":{"line":34,"column":54}}]},"3":{"loc":{"start":{"line":38,"column":4},"end":{"line":38,"column":63}},"type":"if","locations":[{"start":{"line":38,"column":4},"end":{"line":38,"column":63}}]},"4":{"loc":{"start":{"line":41,"column":4},"end":{"line":41,"column":65}},"type":"if","locations":[{"start":{"line":41,"column":4},"end":{"line":41,"column":65}}]},"5":{"loc":{"start":{"line":46,"column":20},"end":{"line":46,"column":54}},"type":"binary-expr","locations":[{"start":{"line":46,"column":20},"end":{"line":46,"column":46}},{"start":{"line":46,"column":50},"end":{"line":46,"column":54}}]}},"s":{"0":1,"1":1,"2":1,"3":1,"4":1,"5":1,"6":0,"7":1,"8":1,"9":0,"10":1,"11":1,"12":1,"13":1,"14":1,"15":0,"16":1,"17":1,"18":0,"19":1,"20":1,"21":0,"22":1,"23":1,"24":1,"25":1,"26":1},"f":{"0":1,"1":1,"2":1,"3":1,"4":1},"b":{"0":[0],"1":[0],"2":[0],"3":[0],"4":[0],"5":[1,0]}}
,"/home/cohorte5/Escritorio/pruebadesarrollokevin/-RiwiMediCarePlus-prueba/src/services/clinic.service.ts": {"path":"/home/cohorte5/Escritorio/pruebadesarrollokevin/-RiwiMediCarePlus-prueba/src/services/clinic.service.ts","statementMap":{"0":{"start":{"line":1,"column":0},"end":{"line":1,"column":67}},"1":{"start":{"line":2,"column":0},"end":{"line":2,"column":45}},"2":{"start":{"line":11,"column":23},"end":{"line":11,"column":45}},"3":{"start":{"line":12,"column":4},"end":{"line":12,"column":22}},"4":{"start":{"line":13,"column":4},"end":{"line":13,"column":39}},"5":{"start":{"line":19,"column":19},"end":{"line":19,"column":66}},"6":{"start":{"line":20,"column":4},"end":{"line":20,"column":61}},"7":{"start":{"line":20,"column":16},"end":{"line":20,"column":61}},"8":{"start":{"line":21,"column":4},"end":{"line":21,"column":30}},"9":{"start":{"line":8,"column":0},"end":{"line":8,"column":13}}},"fnMap":{"0":{"name":"(anonymous_0)","decl":{"start":{"line":10,"column":2},"end":{"line":10,"column":null}},"loc":{"start":{"line":10,"column":2},"end":{"line":14,"column":3}}},"1":{"name":"(anonymous_1)","decl":{"start":{"line":18,"column":2},"end":{"line":18,"column":7}},"loc":{"start":{"line":18,"column":24},"end":{"line":22,"column":3}}}},"branchMap":{"0":{"loc":{"start":{"line":20,"column":4},"end":{"line":20,"column":61}},"type":"if","locations":[{"start":{"line":20,"column":4},"end":{"line":20,"column":61}}]}},"s":{"0":1,"1":1,"2":1,"3":1,"4":1,"5":0,"6":0,"7":0,"8":0,"9":1},"f":{"0":1,"1":0},"b":{"0":[0]}}
,"/home/cohorte5/Escritorio/pruebadesarrollokevin/-RiwiMediCarePlus-prueba/src/services/crud.service.ts": {"path":"/home/cohorte5/Escritorio/pruebadesarrollokevin/-RiwiMediCarePlus-prueba/src/services/crud.service.ts","statementMap":{"0":{"start":{"line":8,"column":31},"end":{"line":8,"column":82}},"1":{"start":{"line":12,"column":46},"end":{"line":12,"column":82}},"2":{"start":{"line":16,"column":33},"end":{"line":16,"column":66}},"3":{"start":{"line":21,"column":19},"end":{"line":21,"column":53}},"4":{"start":{"line":22,"column":4},"end":{"line":22,"column":55}},"5":{"start":{"line":22,"column":17},"end":{"line":22,"column":55}},"6":{"start":{"line":23,"column":4},"end":{"line":23,"column":18}},"7":{"start":{"line":29,"column":19},"end":{"line":29,"column":57}},"8":{"start":{"line":30,"column":4},"end":{"line":30,"column":55}},"9":{"start":{"line":30,"column":17},"end":{"line":30,"column":55}},"10":{"start":{"line":31,"column":4},"end":{"line":31,"column":18}},"11":{"start":{"line":36,"column":45},"end":{"line":36,"column":104}},"12":{"start":{"line":7,"column":0},"end":{"line":7,"column":13}}},"fnMap":{"0":{"name":"(anonymous_0)","decl":{"start":{"line":8,"column":2},"end":{"line":8,"column":31}},"loc":{"start":{"line":8,"column":82},"end":{"line":8,"column":86}}},"1":{"name":"(anonymous_1)","decl":{"start":{"line":12,"column":2},"end":{"line":12,"column":7}},"loc":{"start":{"line":12,"column":30},"end":{"line":12,"column":84}}},"2":{"name":"(anonymous_2)","decl":{"start":{"line":16,"column":2},"end":{"line":16,"column":7}},"loc":{"start":{"line":16,"column":14},"end":{"line":16,"column":68}}},"3":{"name":"(anonymous_3)","decl":{"start":{"line":20,"column":2},"end":{"line":20,"column":7}},"loc":{"start":{"line":20,"column":26},"end":{"line":24,"column":3}}},"4":{"name":"(anonymous_4)","decl":{"start":{"line":28,"column":2},"end":{"line":28,"column":7}},"loc":{"start":{"line":28,"column":42},"end":{"line":32,"column":3}}},"5":{"name":"(anonymous_5)","decl":{"start":{"line":36,"column":2},"end":{"line":36,"column":7}},"loc":{"start":{"line":36,"column":29},"end":{"line":36,"column":106}}}},"branchMap":{"0":{"loc":{"start":{"line":22,"column":4},"end":{"line":22,"column":55}},"type":"if","locations":[{"start":{"line":22,"column":4},"end":{"line":22,"column":55}}]},"1":{"loc":{"start":{"line":30,"column":4},"end":{"line":30,"column":55}},"type":"if","locations":[{"start":{"line":30,"column":4},"end":{"line":30,"column":55}}]}},"s":{"0":3,"1":0,"2":0,"3":0,"4":0,"5":0,"6":0,"7":0,"8":0,"9":0,"10":0,"11":0,"12":1},"f":{"0":3,"1":0,"2":0,"3":0,"4":0,"5":0},"b":{"0":[0],"1":[0]}}
,"/home/cohorte5/Escritorio/pruebadesarrollokevin/-RiwiMediCarePlus-prueba/src/services/supplyRequest.service.ts": {"path":"/home/cohorte5/Escritorio/pruebadesarrollokevin/-RiwiMediCarePlus-prueba/src/services/supplyRequest.service.ts","statementMap":{"0":{"start":{"line":1,"column":0},"end":{"line":1,"column":81}},"1":{"start":{"line":2,"column":0},"end":{"line":2,"column":67}},"2":{"start":{"line":3,"column":0},"end":{"line":3,"column":71}},"3":{"start":{"line":4,"column":0},"end":{"line":4,"column":73}},"4":{"start":{"line":5,"column":0},"end":{"line":5,"column":53}},"5":{"start":{"line":12,"column":19},"end":{"line":12,"column":69}},"6":{"start":{"line":13,"column":19},"end":{"line":13,"column":61}},"7":{"start":{"line":14,"column":19},"end":{"line":14,"column":65}},"8":{"start":{"line":15,"column":19},"end":{"line":15,"column":67}},"9":{"start":{"line":21,"column":4},"end":{"line":21,"column":82}},"10":{"start":{"line":21,"column":28},"end":{"line":21,"column":82}},"11":{"start":{"line":23,"column":19},"end":{"line":23,"column":70}},"12":{"start":{"line":24,"column":4},"end":{"line":24,"column":53}},"13":{"start":{"line":24,"column":17},"end":{"line":24,"column":53}},"14":{"start":{"line":26,"column":22},"end":{"line":26,"column":79}},"15":{"start":{"line":27,"column":4},"end":{"line":27,"column":59}},"16":{"start":{"line":27,"column":20},"end":{"line":27,"column":59}},"17":{"start":{"line":29,"column":21},"end":{"line":29,"column":99}},"18":{"start":{"line":30,"column":4},"end":{"line":30,"column":79}},"19":{"start":{"line":30,"column":19},"end":{"line":30,"column":79}},"20":{"start":{"line":31,"column":4},"end":{"line":31,"column":82}},"21":{"start":{"line":31,"column":40},"end":{"line":31,"column":82}},"22":{"start":{"line":33,"column":4},"end":{"line":36,"column":7}},"23":{"start":{"line":43,"column":4},"end":{"line":43,"column":105}},"24":{"start":{"line":43,"column":63},"end":{"line":43,"column":105}},"25":{"start":{"line":44,"column":20},"end":{"line":44,"column":78}},"26":{"start":{"line":45,"column":4},"end":{"line":45,"column":55}},"27":{"start":{"line":45,"column":18},"end":{"line":45,"column":55}},"28":{"start":{"line":46,"column":4},"end":{"line":46,"column":19}},"29":{"start":{"line":52,"column":48},"end":{"line":52,"column":101}},"30":{"start":{"line":57,"column":19},"end":{"line":57,"column":65}},"31":{"start":{"line":58,"column":4},"end":{"line":58,"column":53}},"32":{"start":{"line":58,"column":17},"end":{"line":58,"column":53}},"33":{"start":{"line":59,"column":4},"end":{"line":59,"column":57}},"34":{"start":{"line":65,"column":20},"end":{"line":65,"column":82}},"35":{"start":{"line":66,"column":4},"end":{"line":66,"column":55}},"36":{"start":{"line":66,"column":18},"end":{"line":66,"column":55}},"37":{"start":{"line":67,"column":4},"end":{"line":67,"column":19}},"38":{"start":{"line":11,"column":0},"end":{"line":11,"column":13}}},"fnMap":{"0":{"name":"(anonymous_0)","decl":{"start":{"line":11,"column":0},"end":{"line":11,"column":13}},"loc":{"start":{"line":11,"column":0},"end":{"line":69,"column":1}}},"1":{"name":"(anonymous_1)","decl":{"start":{"line":20,"column":2},"end":{"line":20,"column":7}},"loc":{"start":{"line":20,"column":131},"end":{"line":37,"column":3}}},"2":{"name":"(anonymous_2)","decl":{"start":{"line":42,"column":2},"end":{"line":42,"column":7}},"loc":{"start":{"line":42,"column":61},"end":{"line":47,"column":3}}},"3":{"name":"(anonymous_3)","decl":{"start":{"line":52,"column":2},"end":{"line":52,"column":7}},"loc":{"start":{"line":52,"column":17},"end":{"line":52,"column":103}}},"4":{"name":"(anonymous_4)","decl":{"start":{"line":56,"column":2},"end":{"line":56,"column":7}},"loc":{"start":{"line":56,"column":43},"end":{"line":60,"column":3}}},"5":{"name":"(anonymous_5)","decl":{"start":{"line":64,"column":2},"end":{"line":64,"column":7}},"loc":{"start":{"line":64,"column":29},"end":{"line":68,"column":3}}}},"branchMap":{"0":{"loc":{"start":{"line":21,"column":4},"end":{"line":21,"column":82}},"type":"if","locations":[{"start":{"line":21,"column":4},"end":{"line":21,"column":82}}]},"1":{"loc":{"start":{"line":24,"column":4},"end":{"line":24,"column":53}},"type":"if","locations":[{"start":{"line":24,"column":4},"end":{"line":24,"column":53}}]},"2":{"loc":{"start":{"line":27,"column":4},"end":{"line":27,"column":59}},"type":"if","locations":[{"start":{"line":27,"column":4},"end":{"line":27,"column":59}}]},"3":{"loc":{"start":{"line":30,"column":4},"end":{"line":30,"column":79}},"type":"if","locations":[{"start":{"line":30,"column":4},"end":{"line":30,"column":79}}]},"4":{"loc":{"start":{"line":31,"column":4},"end":{"line":31,"column":82}},"type":"if","locations":[{"start":{"line":31,"column":4},"end":{"line":31,"column":82}}]},"5":{"loc":{"start":{"line":35,"column":21},"end":{"line":35,"column":64}},"type":"binary-expr","locations":[{"start":{"line":35,"column":21},"end":{"line":35,"column":39}},{"start":{"line":35,"column":43},"end":{"line":35,"column":64}}]},"6":{"loc":{"start":{"line":43,"column":4},"end":{"line":43,"column":105}},"type":"if","locations":[{"start":{"line":43,"column":4},"end":{"line":43,"column":105}}]},"7":{"loc":{"start":{"line":45,"column":4},"end":{"line":45,"column":55}},"type":"if","locations":[{"start":{"line":45,"column":4},"end":{"line":45,"column":55}}]},"8":{"loc":{"start":{"line":58,"column":4},"end":{"line":58,"column":53}},"type":"if","locations":[{"start":{"line":58,"column":4},"end":{"line":58,"column":53}}]},"9":{"loc":{"start":{"line":66,"column":4},"end":{"line":66,"column":55}},"type":"if","locations":[{"start":{"line":66,"column":4},"end":{"line":66,"column":55}}]}},"s":{"0":1,"1":1,"2":1,"3":1,"4":1,"5":1,"6":1,"7":1,"8":1,"9":0,"10":0,"11":0,"12":0,"13":0,"14":0,"15":0,"16":0,"17":0,"18":0,"19":0,"20":0,"21":0,"22":0,"23":0,"24":0,"25":0,"26":0,"27":0,"28":0,"29":0,"30":0,"31":0,"32":0,"33":0,"34":0,"35":0,"36":0,"37":0,"38":1},"f":{"0":1,"1":0,"2":0,"3":0,"4":0,"5":0},"b":{"0":[0],"1":[0],"2":[0],"3":[0],"4":[0],"5":[0,0],"6":[0],"7":[0],"8":[0],"9":[0]}}
,"/home/cohorte5/Escritorio/pruebadesarrollokevin/-RiwiMediCarePlus-prueba/src/types/enums.types.ts": {"path":"/home/cohorte5/Escritorio/pruebadesarrollokevin/-RiwiMediCarePlus-prueba/src/types/enums.types.ts","statementMap":{"0":{"start":{"line":1,"column":0},"end":{"line":1,"column":null}},"1":{"start":{"line":2,"column":2},"end":{"line":2,"column":null}},"2":{"start":{"line":3,"column":2},"end":{"line":3,"column":null}},"3":{"start":{"line":6,"column":0},"end":{"line":6,"column":null}},"4":{"start":{"line":7,"column":2},"end":{"line":7,"column":null}},"5":{"start":{"line":8,"column":2},"end":{"line":8,"column":null}},"6":{"start":{"line":11,"column":0},"end":{"line":11,"column":null}},"7":{"start":{"line":12,"column":2},"end":{"line":12,"column":null}},"8":{"start":{"line":13,"column":2},"end":{"line":13,"column":null}},"9":{"start":{"line":14,"column":2},"end":{"line":14,"column":null}},"10":{"start":{"line":15,"column":2},"end":{"line":15,"column":null}}},"fnMap":{"0":{"name":"(anonymous_0)","decl":{"start":{"line":1,"column":0},"end":{"line":1,"column":12}},"loc":{"start":{"line":1,"column":20},"end":{"line":4,"column":1}}},"1":{"name":"(anonymous_1)","decl":{"start":{"line":6,"column":0},"end":{"line":6,"column":12}},"loc":{"start":{"line":6,"column":24},"end":{"line":9,"column":1}}},"2":{"name":"(anonymous_2)","decl":{"start":{"line":11,"column":0},"end":{"line":11,"column":12}},"loc":{"start":{"line":11,"column":25},"end":{"line":16,"column":1}}}},"branchMap":{"0":{"loc":{"start":{"line":1,"column":12},"end":{"line":1,"column":null}},"type":"binary-expr","locations":[{"start":{"line":1,"column":12},"end":{"line":1,"column":20}},{"start":{"line":1,"column":20},"end":{"line":1,"column":null}}]},"1":{"loc":{"start":{"line":6,"column":12},"end":{"line":6,"column":null}},"type":"binary-expr","locations":[{"start":{"line":6,"column":12},"end":{"line":6,"column":24}},{"start":{"line":6,"column":24},"end":{"line":6,"column":null}}]},"2":{"loc":{"start":{"line":11,"column":12},"end":{"line":11,"column":null}},"type":"binary-expr","locations":[{"start":{"line":11,"column":12},"end":{"line":11,"column":25}},{"start":{"line":11,"column":25},"end":{"line":11,"column":null}}]}},"s":{"0":1,"1":1,"2":1,"3":1,"4":1,"5":1,"6":1,"7":1,"8":1,"9":1,"10":1},"f":{"0":1,"1":1,"2":1},"b":{"0":[1,1],"1":[1,1],"2":[1,1]}}
}
