TN:
SF:src/app.ts
FNF:0
FNH:0
DA:1,1
DA:2,1
DA:3,1
DA:4,1
DA:5,1
DA:9,0
DA:12,0
DA:14,1
DA:15,1
DA:16,1
DA:17,1
DA:19,1
DA:20,1
DA:21,1
DA:22,1
DA:23,1
DA:26,1
DA:29,1
DA:30,1
DA:32,1
DA:33,1
DA:34,1
DA:36,1
DA:37,1
DA:38,1
DA:39,1
DA:40,1
DA:41,1
DA:42,1
DA:43,0
DA:46,1
DA:47,1
LF:32
LH:29
BRDA:5,0,0,0
BRDA:12,1,0,0
BRDA:12,1,1,0
BRDA:42,2,0,0
BRF:4
BRH:0
end_of_record
TN:
SF:src/config/database.ts
FNF:0
FNH:0
DA:1,1
DA:2,1
DA:4,1
DA:6,1
DA:18,1
LF:5
LH:5
BRF:0
BRH:0
end_of_record
TN:
SF:src/controllers/SupplyRequest.controller.ts
FN:18,(anonymous_0)
FN:26,(anonymous_1)
FN:47,(anonymous_2)
FN:70,(anonymous_3)
FN:88,(anonymous_4)
FN:108,(anonymous_5)
FNF:6
FNH:1
FNDA:1,(anonymous_0)
FNDA:0,(anonymous_1)
FNDA:0,(anonymous_2)
FNDA:0,(anonymous_3)
FNDA:0,(anonymous_4)
FNDA:0,(anonymous_5)
DA:7,1
DA:18,1
DA:19,1
DA:26,1
DA:31,0
DA:33,0
DA:36,0
DA:38,0
DA:40,0
DA:47,1
DA:52,0
DA:53,0
DA:55,0
DA:61,0
DA:63,0
DA:70,1
DA:75,0
DA:77,0
DA:79,0
DA:81,0
DA:88,1
DA:93,0
DA:95,0
DA:99,0
DA:101,0
DA:108,1
DA:113,0
DA:115,0
DA:119,0
DA:121,0
LF:30
LH:8
BRF:0
BRH:0
end_of_record
TN:
SF:src/controllers/auth.controller.ts
FN:11,(anonymous_0)
FN:18,(anonymous_1)
FN:37,(anonymous_2)
FN:56,(anonymous_3)
FNF:4
FNH:4
FNDA:1,(anonymous_0)
FNDA:1,(anonymous_1)
FNDA:1,(anonymous_2)
FNDA:1,(anonymous_3)
DA:3,1
DA:11,1
DA:12,1
DA:18,1
DA:23,1
DA:24,1
DA:26,1
DA:28,1
DA:30,0
DA:37,1
DA:42,1
DA:43,1
DA:45,1
DA:47,1
DA:49,0
DA:56,1
DA:61,1
DA:62,1
DA:63,1
DA:65,0
LF:20
LH:17
BRF:0
BRH:0
end_of_record
TN:
SF:src/controllers/crud.controller.ts
FN:8,(anonymous_0)
FN:13,(anonymous_1)
FN:23,(anonymous_2)
FN:33,(anonymous_3)
FN:43,(anonymous_4)
FN:51,(anonymous_5)
FNF:6
FNH:1
FNDA:3,(anonymous_0)
FNDA:0,(anonymous_1)
FNDA:0,(anonymous_2)
FNDA:0,(anonymous_3)
FNDA:0,(anonymous_4)
FNDA:0,(anonymous_5)
DA:7,1
DA:8,3
DA:13,3
DA:14,0
DA:15,0
DA:16,0
DA:23,3
DA:24,0
DA:25,0
DA:26,0
DA:33,3
DA:34,0
DA:35,0
DA:36,0
DA:43,3
DA:44,0
DA:51,3
DA:52,0
DA:53,0
DA:54,0
LF:20
LH:7
BRF:0
BRH:0
end_of_record
TN:
SF:src/controllers/seed.controller.ts
FN:12,(anonymous_1)
FN:17,(anonymous_2)
FNF:2
FNH:1
FNDA:1,(anonymous_1)
FNDA:0,(anonymous_2)
DA:2,1
DA:3,1
DA:4,1
DA:5,1
DA:6,1
DA:12,1
DA:17,1
DA:18,0
DA:19,0
DA:20,0
DA:22,0
DA:23,0
DA:24,0
DA:25,0
DA:28,0
DA:29,0
DA:31,0
DA:32,0
DA:34,0
DA:35,0
DA:36,0
DA:37,0
DA:40,0
DA:41,0
LF:24
LH:7
BRDA:19,0,0,0
BRDA:22,1,0,0
BRDA:28,2,0,0
BRDA:31,3,0,0
BRDA:34,4,0,0
BRDA:37,5,0,0
BRF:6
BRH:0
end_of_record
TN:
SF:src/middlewares/auth.middleware.ts
FN:12,(anonymous_1)
FNF:1
FNH:1
FNDA:1,(anonymous_1)
DA:2,1
DA:12,1
DA:14,1
DA:17,1
DA:18,0
DA:19,0
DA:22,1
DA:25,1
DA:28,1
DA:31,0
LF:10
LH:7
BRDA:17,0,0,0
BRF:1
BRH:0
end_of_record
TN:
SF:src/middlewares/error.middleware.ts
FN:10,(anonymous_0)
FNF:1
FNH:0
FNDA:0,(anonymous_0)
DA:10,1
DA:12,0
DA:14,0
LF:3
LH:1
BRF:0
BRH:0
end_of_record
TN:
SF:src/middlewares/role.middleware.ts
FN:9,(anonymous_0)
FN:10,(anonymous_1)
FNF:2
FNH:2
FNDA:8,(anonymous_0)
FNDA:1,(anonymous_1)
DA:9,1
DA:10,8
DA:12,1
DA:14,0
DA:15,0
DA:18,1
LF:6
LH:4
BRDA:12,0,0,0
BRDA:12,1,0,1
BRDA:12,1,1,1
BRF:3
BRH:2
end_of_record
TN:
SF:src/models/clinic.model.ts
FNF:0
FNH:0
DA:1,1
DA:2,1
DA:3,1
DA:30,1
DA:45,1
LF:5
LH:5
BRF:0
BRH:0
end_of_record
TN:
SF:src/models/medicine.model.ts
FNF:0
FNH:0
DA:1,1
DA:2,1
DA:3,1
DA:30,1
DA:50,1
LF:5
LH:5
BRF:0
BRH:0
end_of_record
TN:
SF:src/models/supplyRequest.model.ts
FNF:0
FNH:0
DA:1,1
DA:2,1
DA:3,1
DA:32,1
DA:60,1
LF:5
LH:5
BRF:0
BRH:0
end_of_record
TN:
SF:src/models/user.model.ts
FNF:0
FNH:0
DA:1,1
DA:2,1
DA:3,1
DA:25,1
DA:57,1
LF:5
LH:5
BRF:0
BRH:0
end_of_record
TN:
SF:src/models/wareHouse.model.ts
FNF:0
FNH:0
DA:1,1
DA:2,1
DA:3,1
DA:26,1
DA:44,1
LF:5
LH:5
BRF:0
BRH:0
end_of_record
TN:
SF:src/repository/base.repository.ts
FN:5,(anonymous_0)
FN:7,(anonymous_1)
FN:11,(anonymous_2)
FN:15,(anonymous_3)
FN:19,(anonymous_4)
FN:26,(anonymous_5)
FNF:6
FNH:1
FNDA:7,(anonymous_0)
FNDA:0,(anonymous_1)
FNDA:0,(anonymous_2)
FNDA:0,(anonymous_3)
FNDA:0,(anonymous_4)
FNDA:0,(anonymous_5)
DA:4,1
DA:5,7
DA:8,0
DA:12,0
DA:16,0
DA:20,0
DA:21,0
DA:22,0
DA:23,0
DA:28,0
DA:30,0
DA:31,0
DA:32,0
LF:13
LH:2
BRDA:21,0,0,0
BRDA:30,1,0,0
BRF:2
BRH:0
end_of_record
TN:
SF:src/repository/clinic.repository.ts
FN:5,(anonymous_1)
FN:6,(anonymous_2)
FNF:2
FNH:1
FNDA:2,(anonymous_1)
FNDA:0,(anonymous_2)
DA:1,1
DA:2,1
DA:4,1
DA:5,2
DA:6,0
LF:5
LH:4
BRF:0
BRH:0
end_of_record
TN:
SF:src/repository/medicine.repository.ts
FN:4,(anonymous_1)
FN:5,(anonymous_2)
FNF:2
FNH:1
FNDA:2,(anonymous_1)
FNDA:0,(anonymous_2)
DA:1,1
DA:2,1
DA:3,1
DA:4,2
DA:6,0
LF:5
LH:4
BRF:0
BRH:0
end_of_record
TN:
SF:src/repository/supplyRequest.repository.ts
FN:8,(anonymous_1)
FN:9,(anonymous_2)
FN:15,(anonymous_3)
FNF:3
FNH:1
FNDA:1,(anonymous_1)
FNDA:0,(anonymous_2)
FNDA:0,(anonymous_3)
DA:1,1
DA:2,1
DA:3,1
DA:4,1
DA:5,1
DA:7,1
DA:8,1
DA:10,0
DA:16,0
LF:9
LH:7
BRF:0
BRH:0
end_of_record
TN:
SF:src/repository/user.repository.ts
FN:5,(anonymous_1)
FN:6,(anonymous_2)
FN:7,(anonymous_3)
FNF:3
FNH:0
FNDA:0,(anonymous_1)
FNDA:0,(anonymous_2)
FNDA:0,(anonymous_3)
DA:1,1
DA:2,1
DA:4,1
DA:5,0
DA:6,0
DA:7,0
LF:6
LH:3
BRF:0
BRH:0
end_of_record
TN:
SF:src/repository/wareHouse.repository.ts
FN:3,(anonymous_1)
FNF:1
FNH:1
FNDA:2,(anonymous_1)
DA:1,1
DA:2,1
DA:3,2
LF:3
LH:3
BRF:0
BRH:0
end_of_record
TN:
SF:src/routes/auth.routes.ts
FNF:0
FNH:0
DA:1,1
DA:2,1
DA:3,1
DA:4,1
DA:5,1
DA:7,1
DA:8,1
DA:55,1
DA:90,1
DA:93,1
DA:95,1
LF:11
LH:11
BRF:0
BRH:0
end_of_record
TN:
SF:src/routes/crud.routes.ts
FN:136,(anonymous_0)
FNF:1
FNH:1
FNDA:3,(anonymous_0)
DA:130,1
DA:132,1
DA:133,1
DA:134,1
DA:136,1
DA:137,3
DA:139,3
DA:141,3
DA:142,3
DA:143,3
DA:144,3
DA:145,3
DA:147,3
LF:13
LH:13
BRF:0
BRH:0
end_of_record
TN:
SF:src/routes/seed.routes.ts
FNF:0
FNH:0
DA:27,1
DA:28,1
DA:29,1
DA:30,1
DA:31,1
DA:32,1
DA:34,1
DA:35,1
DA:36,1
DA:38,1
DA:39,1
LF:11
LH:11
BRF:0
BRH:0
end_of_record
TN:
SF:src/routes/supplyRequest.routes.ts
FNF:0
FNH:0
DA:81,1
DA:82,1
DA:83,1
DA:84,1
DA:85,1
DA:87,1
DA:88,1
DA:90,1
DA:91,1
DA:92,1
DA:93,1
DA:94,1
DA:95,1
DA:97,1
LF:14
LH:14
BRF:0
BRH:0
end_of_record
TN:
SF:src/services/auth.service.ts
FN:9,(anonymous_1)
FN:15,(anonymous_2)
FN:30,(anonymous_3)
FN:53,(anonymous_4)
FN:55,(anonymous_5)
FNF:5
FNH:5
FNDA:1,(anonymous_1)
FNDA:1,(anonymous_2)
FNDA:1,(anonymous_3)
FNDA:1,(anonymous_4)
FNDA:1,(anonymous_5)
DA:1,1
DA:2,1
DA:3,1
DA:4,1
DA:9,1
DA:10,1
DA:17,1
DA:18,1
DA:20,1
DA:21,1
DA:22,1
DA:24,1
DA:32,1
DA:34,1
DA:36,1
DA:38,1
DA:40,1
DA:41,1
DA:43,1
DA:54,1
DA:55,1
LF:21
LH:21
BRDA:17,0,0,0
BRDA:20,1,0,0
BRDA:34,2,0,0
BRDA:38,3,0,0
BRDA:41,4,0,0
BRDA:46,5,0,1
BRDA:46,5,1,0
BRF:7
BRH:1
end_of_record
TN:
SF:src/services/clinic.service.ts
FN:10,(anonymous_0)
FN:18,(anonymous_1)
FNF:2
FNH:1
FNDA:1,(anonymous_0)
FNDA:0,(anonymous_1)
DA:1,1
DA:2,1
DA:8,1
DA:11,1
DA:12,1
DA:13,1
DA:19,0
DA:20,0
DA:21,0
LF:9
LH:6
BRDA:20,0,0,0
BRF:1
BRH:0
end_of_record
TN:
SF:src/services/crud.service.ts
FN:8,(anonymous_0)
FN:12,(anonymous_1)
FN:16,(anonymous_2)
FN:20,(anonymous_3)
FN:28,(anonymous_4)
FN:36,(anonymous_5)
FNF:6
FNH:1
FNDA:3,(anonymous_0)
FNDA:0,(anonymous_1)
FNDA:0,(anonymous_2)
FNDA:0,(anonymous_3)
FNDA:0,(anonymous_4)
FNDA:0,(anonymous_5)
DA:7,1
DA:8,3
DA:12,0
DA:16,0
DA:21,0
DA:22,0
DA:23,0
DA:29,0
DA:30,0
DA:31,0
DA:36,0
LF:11
LH:2
BRDA:22,0,0,0
BRDA:30,1,0,0
BRF:2
BRH:0
end_of_record
TN:
SF:src/services/supplyRequest.service.ts
FN:11,(anonymous_0)
FN:20,(anonymous_1)
FN:42,(anonymous_2)
FN:52,(anonymous_3)
FN:56,(anonymous_4)
FN:64,(anonymous_5)
FNF:6
FNH:1
FNDA:1,(anonymous_0)
FNDA:0,(anonymous_1)
FNDA:0,(anonymous_2)
FNDA:0,(anonymous_3)
FNDA:0,(anonymous_4)
FNDA:0,(anonymous_5)
DA:1,1
DA:2,1
DA:3,1
DA:4,1
DA:5,1
DA:11,1
DA:12,1
DA:13,1
DA:14,1
DA:15,1
DA:21,0
DA:23,0
DA:24,0
DA:26,0
DA:27,0
DA:29,0
DA:30,0
DA:31,0
DA:33,0
DA:43,0
DA:44,0
DA:45,0
DA:46,0
DA:52,0
DA:57,0
DA:58,0
DA:59,0
DA:65,0
DA:66,0
DA:67,0
LF:30
LH:10
BRDA:21,0,0,0
BRDA:24,1,0,0
BRDA:27,2,0,0
BRDA:30,3,0,0
BRDA:31,4,0,0
BRDA:35,5,0,0
BRDA:35,5,1,0
BRDA:43,6,0,0
BRDA:45,7,0,0
BRDA:58,8,0,0
BRDA:66,9,0,0
BRF:11
BRH:0
end_of_record
TN:
SF:src/types/enums.types.ts
FN:1,(anonymous_0)
FN:6,(anonymous_1)
FN:11,(anonymous_2)
FNF:3
FNH:3
FNDA:1,(anonymous_0)
FNDA:1,(anonymous_1)
FNDA:1,(anonymous_2)
DA:1,1
DA:2,1
DA:3,1
DA:6,1
DA:7,1
DA:8,1
DA:11,1
DA:12,1
DA:13,1
DA:14,1
DA:15,1
LF:11
LH:11
BRDA:1,0,0,1
BRDA:1,0,1,1
BRDA:6,1,0,1
BRDA:6,1,1,1
BRDA:11,2,0,1
BRDA:11,2,1,1
BRF:6
BRH:6
end_of_record
